BaseGeometry class tests.

# Import the class
>>> BaseGeometry = __import__('7-base_geometry').BaseGeometry
>>> bg = BaseGeometry()

# ----------------------
# Test area() method
# ----------------------
>>> bg.area()
Traceback (most recent call last):
    ...
Exception: area() is not implemented

>>> bg.integer_validator()
Traceback (most recent call last):
    ...
TypeError: my_function() missing 2 required positional argument: 'name', 'value'
